  WindowsProject1.cpp
C:\Users\kenny\source\repos\WindowsProject1\WindowsProject1\WindowsProject1.cpp(161,23): warning C4018: '<': signed/unsigned mismatch
C:\Users\kenny\source\repos\WindowsProject1\WindowsProject1\WindowsProject1.cpp(163,24): warning C4244: '=': conversion from '_Ty' to 'float', possible loss of data
          with
          [
              _Ty=double
          ]
C:\Users\kenny\source\repos\WindowsProject1\WindowsProject1\WindowsProject1.cpp(166,24): warning C4244: '=': conversion from '_Ty' to 'float', possible loss of data
          with
          [
              _Ty=double
          ]
C:\Users\kenny\source\repos\WindowsProject1\WindowsProject1\WindowsProject1.cpp(169,24): warning C4244: '=': conversion from '_Ty' to 'float', possible loss of data
          with
          [
              _Ty=double
          ]
C:\Users\kenny\source\repos\WindowsProject1\WindowsProject1\WindowsProject1.cpp(172,24): warning C4244: '=': conversion from '_Ty' to 'float', possible loss of data
          with
          [
              _Ty=double
          ]
C:\Users\kenny\source\repos\WindowsProject1\WindowsProject1\WindowsProject1.cpp(188,19): warning C4244: 'initializing': conversion from 'float' to 'int', possible loss of data
C:\Users\kenny\source\repos\WindowsProject1\WindowsProject1\WindowsProject1.cpp(500,16): warning C4101: 'bm': unreferenced local variable
  Generating code
  2 of 396 functions ( 0.5%) were compiled, the rest were copied from previous compilation.
    0 functions were new in current compilation
    1 functions had inline decision re-evaluated but remain unchanged
  Finished generating code
  WindowsProject1.vcxproj -> C:\Users\kenny\source\repos\WindowsProject1\Release\WindowsProject1.exe
